  Calendar.cpp
C:\Data\CP3\Calendar_GOOD\Calendar\Calendar.cpp(121,9): warning C4101: 'm': unreferenced local variable
C:\Data\CP3\Calendar_GOOD\Calendar\Calendar.cpp(121,6): warning C4101: 'k': unreferenced local variable
C:\Data\CP3\Calendar_GOOD\Calendar\Calendar.cpp(121,12): warning C4101: 'y': unreferenced local variable
C:\Data\CP3\Calendar_GOOD\Calendar\Calendar.cpp(229,12): warning C4101: 'm': unreferenced local variable
C:\Data\CP3\Calendar_GOOD\Calendar\Calendar.cpp(229,15): warning C4101: 'k': unreferenced local variable
C:\Data\CP3\Calendar_GOOD\Calendar\Calendar.cpp(229,21): warning C4101: 'y': unreferenced local variable
C:\Data\CP3\Calendar_GOOD\Calendar\Calendar.cpp(251,6): warning C4101: 'm': unreferenced local variable
C:\Data\CP3\Calendar_GOOD\Calendar\Calendar.cpp(308,42): warning C4101: 'p': unreferenced local variable
C:\Data\CP3\Calendar_GOOD\Calendar\Calendar.cpp(478,11): warning C4129: '/': unrecognized character escape sequence
C:\Data\CP3\Calendar_GOOD\Calendar\Calendar.cpp(479,11): warning C4129: '/': unrecognized character escape sequence
C:\Data\CP3\Calendar_GOOD\Calendar\Calendar.cpp(479,11): warning C4129: ' ': unrecognized character escape sequence
C:\Data\CP3\Calendar_GOOD\Calendar\Calendar.cpp(480,11): warning C4129: ' ': unrecognized character escape sequence
C:\Data\CP3\Calendar_GOOD\Calendar\Calendar.cpp(480,11): warning C4129: '(': unrecognized character escape sequence
C:\Data\CP3\Calendar_GOOD\Calendar\Calendar.cpp(481,11): warning C4129: '/': unrecognized character escape sequence
C:\Data\CP3\Calendar_GOOD\Calendar\Calendar.cpp(481,11): warning C4129: '*': unrecognized character escape sequence
C:\Data\CP3\Calendar_GOOD\Calendar\Calendar.cpp(481,11): warning C4129: '(': unrecognized character escape sequence
C:\Data\CP3\Calendar_GOOD\Calendar\Calendar.cpp(482,11): warning C4129: ' ': unrecognized character escape sequence
C:\Data\CP3\Calendar_GOOD\Calendar\Calendar.cpp(482,11): warning C4129: '/': unrecognized character escape sequence
C:\Data\CP3\Calendar_GOOD\Calendar\Calendar.cpp(483,11): warning C4129: ' ': unrecognized character escape sequence
C:\Data\CP3\Calendar_GOOD\Calendar\Calendar.cpp(496,11): warning C4129: ' ': unrecognized character escape sequence
C:\Data\CP3\Calendar_GOOD\Calendar\Calendar.cpp(498,11): warning C4129: ' ': unrecognized character escape sequence
C:\Data\CP3\Calendar_GOOD\Calendar\Calendar.cpp(507,11): warning C4129: ' ': unrecognized character escape sequence
C:\Data\CP3\Calendar_GOOD\Calendar\Calendar.cpp(509,11): warning C4129: ' ': unrecognized character escape sequence
C:\Data\CP3\Calendar_GOOD\Calendar\Calendar.cpp(510,11): warning C4129: ' ': unrecognized character escape sequence
C:\Data\CP3\Calendar_GOOD\Calendar\Calendar.cpp(511,11): warning C4129: ' ': unrecognized character escape sequence
C:\Data\CP3\Calendar_GOOD\Calendar\Calendar.cpp(512,11): warning C4129: '_': unrecognized character escape sequence
C:\Data\CP3\Calendar_GOOD\Calendar\Calendar.cpp(514,11): warning C4129: '_': unrecognized character escape sequence
C:\Data\CP3\Calendar_GOOD\Calendar\Calendar.cpp(518,11): warning C4129: ' ': unrecognized character escape sequence
C:\Data\CP3\Calendar_GOOD\Calendar\Calendar.cpp(519,11): warning C4129: ' ': unrecognized character escape sequence
C:\Data\CP3\Calendar_GOOD\Calendar\Calendar.cpp(519,11): warning C4129: '_': unrecognized character escape sequence
C:\Data\CP3\Calendar_GOOD\Calendar\Calendar.cpp(520,11): warning C4129: ' ': unrecognized character escape sequence
C:\Data\CP3\Calendar_GOOD\Calendar\Calendar.cpp(521,11): warning C4129: '_': unrecognized character escape sequence
C:\Data\CP3\Calendar_GOOD\Calendar\Calendar.cpp(521,11): warning C4129: ' ': unrecognized character escape sequence
C:\Data\CP3\Calendar_GOOD\Calendar\Calendar.cpp(522,11): warning C4129: ' ': unrecognized character escape sequence
C:\Data\CP3\Calendar_GOOD\Calendar\Calendar.cpp(523,11): warning C4129: '_': unrecognized character escape sequence
C:\Data\CP3\Calendar_GOOD\Calendar\Calendar.cpp(524,11): warning C4129: ' ': unrecognized character escape sequence
C:\Data\CP3\Calendar_GOOD\Calendar\Calendar.cpp(566,11): warning C4129: '_': unrecognized character escape sequence
C:\Data\CP3\Calendar_GOOD\Calendar\Calendar.cpp(567,11): warning C4129: '/': unrecognized character escape sequence
C:\Data\CP3\Calendar_GOOD\Calendar\Calendar.cpp(567,11): warning C4129: ' ': unrecognized character escape sequence
C:\Data\CP3\Calendar_GOOD\Calendar\Calendar.cpp(568,11): warning C4129: '_': unrecognized character escape sequence
C:\Data\CP3\Calendar_GOOD\Calendar\Calendar.cpp(569,11): warning C4129: ' ': unrecognized character escape sequence
C:\Data\CP3\Calendar_GOOD\Calendar\Calendar.cpp(570,11): warning C4129: ' ': unrecognized character escape sequence
C:\Data\CP3\Calendar_GOOD\Calendar\Calendar.cpp(572,11): warning C4129: '_': unrecognized character escape sequence
C:\Data\CP3\Calendar_GOOD\Calendar\Calendar.cpp(573,11): warning C4129: ',': unrecognized character escape sequence
C:\Data\CP3\Calendar_GOOD\Calendar\Calendar.cpp(573,11): warning C4129: ' ': unrecognized character escape sequence
C:\Data\CP3\Calendar_GOOD\Calendar\Calendar.cpp(576,11): warning C4129: ' ': unrecognized character escape sequence
C:\Data\CP3\Calendar_GOOD\Calendar\Calendar.cpp(577,11): warning C4129: ' ': unrecognized character escape sequence
C:\Data\CP3\Calendar_GOOD\Calendar\Calendar.cpp(578,11): warning C4129: ' ': unrecognized character escape sequence
C:\Data\CP3\Calendar_GOOD\Calendar\Calendar.cpp(621,11): warning C4129: '_': unrecognized character escape sequence
C:\Data\CP3\Calendar_GOOD\Calendar\Calendar.cpp(622,11): warning C4129: '-': unrecognized character escape sequence
C:\Data\CP3\Calendar_GOOD\Calendar\Calendar.cpp(623,11): warning C4129: ' ': unrecognized character escape sequence
C:\Data\CP3\Calendar_GOOD\Calendar\Calendar.cpp(624,11): warning C4129: ' ': unrecognized character escape sequence
C:\Data\CP3\Calendar_GOOD\Calendar\Calendar.cpp(625,11): warning C4129: ' ': unrecognized character escape sequence
C:\Data\CP3\Calendar_GOOD\Calendar\Calendar.cpp(625,11): warning C4129: '_': unrecognized character escape sequence
C:\Data\CP3\Calendar_GOOD\Calendar\Calendar.cpp(625,11): warning C4129: '/': unrecognized character escape sequence
C:\Data\CP3\Calendar_GOOD\Calendar\Calendar.cpp(626,11): warning C4129: ' ': unrecognized character escape sequence
C:\Data\CP3\Calendar_GOOD\Calendar\Calendar.cpp(626,11): warning C4129: '_': unrecognized character escape sequence
C:\Data\CP3\Calendar_GOOD\Calendar\Calendar.cpp(627,11): warning C4129: ' ': unrecognized character escape sequence
C:\Data\CP3\Calendar_GOOD\Calendar\Calendar.cpp(627,11): warning C4129: '_': unrecognized character escape sequence
C:\Data\CP3\Calendar_GOOD\Calendar\Calendar.cpp(628,11): warning C4129: ' ': unrecognized character escape sequence
C:\Data\CP3\Calendar_GOOD\Calendar\Calendar.cpp(628,11): warning C4129: '_': unrecognized character escape sequence
C:\Data\CP3\Calendar_GOOD\Calendar\Calendar.cpp(629,11): warning C4129: '/': unrecognized character escape sequence
C:\Data\CP3\Calendar_GOOD\Calendar\Calendar.cpp(630,11): warning C4129: ' ': unrecognized character escape sequence
C:\Data\CP3\Calendar_GOOD\Calendar\Calendar.cpp(631,11): warning C4129: ' ': unrecognized character escape sequence
C:\Data\CP3\Calendar_GOOD\Calendar\Calendar.cpp(641,11): warning C4129: ' ': unrecognized character escape sequence
C:\Data\CP3\Calendar_GOOD\Calendar\Calendar.cpp(641,11): warning C4129: '/': unrecognized character escape sequence
C:\Data\CP3\Calendar_GOOD\Calendar\Calendar.cpp(329,38): warning C4101: 'george': unreferenced local variable
C:\Data\CP3\Calendar_GOOD\Calendar\Calendar.cpp(329,31): warning C4101: 'micah': unreferenced local variable
C:\Data\CP3\Calendar_GOOD\Calendar\Calendar.cpp(329,22): warning C4101: 'y': unreferenced local variable
C:\Data\CP3\Calendar_GOOD\Calendar\Calendar.cpp(329,12): warning C4101: 'fint': unreferenced local variable
C:\Data\CP3\Calendar_GOOD\Calendar\Calendar.cpp(329,6): warning C4101: 'flag': unreferenced local variable
C:\Data\CP3\Calendar_GOOD\Calendar\Calendar.cpp(329,46): warning C4101: 'cut': unreferenced local variable
C:\Data\CP3\Calendar_GOOD\Calendar\Calendar.cpp(755,9): warning C4101: 'm': unreferenced local variable
C:\Data\CP3\Calendar_GOOD\Calendar\Calendar.cpp(755,6): warning C4101: 'k': unreferenced local variable
C:\Data\CP3\Calendar_GOOD\Calendar\Calendar.cpp(755,12): warning C4101: 'y': unreferenced local variable
C:\Data\CP3\Calendar_GOOD\Calendar\Calendar.cpp(863,12): warning C4101: 'm': unreferenced local variable
C:\Data\CP3\Calendar_GOOD\Calendar\Calendar.cpp(863,15): warning C4101: 'k': unreferenced local variable
C:\Data\CP3\Calendar_GOOD\Calendar\Calendar.cpp(863,21): warning C4101: 'y': unreferenced local variable
C:\Data\CP3\Calendar_GOOD\Calendar\Calendar.cpp(885,6): warning C4101: 'm': unreferenced local variable
C:\Data\CP3\Calendar_GOOD\Calendar\Calendar.cpp(1090,11): warning C4129: '/': unrecognized character escape sequence
C:\Data\CP3\Calendar_GOOD\Calendar\Calendar.cpp(1091,11): warning C4129: '/': unrecognized character escape sequence
C:\Data\CP3\Calendar_GOOD\Calendar\Calendar.cpp(1091,11): warning C4129: ' ': unrecognized character escape sequence
C:\Data\CP3\Calendar_GOOD\Calendar\Calendar.cpp(1092,11): warning C4129: ' ': unrecognized character escape sequence
C:\Data\CP3\Calendar_GOOD\Calendar\Calendar.cpp(1092,11): warning C4129: '(': unrecognized character escape sequence
C:\Data\CP3\Calendar_GOOD\Calendar\Calendar.cpp(1093,11): warning C4129: '/': unrecognized character escape sequence
C:\Data\CP3\Calendar_GOOD\Calendar\Calendar.cpp(1093,11): warning C4129: '*': unrecognized character escape sequence
C:\Data\CP3\Calendar_GOOD\Calendar\Calendar.cpp(1093,11): warning C4129: '(': unrecognized character escape sequence
C:\Data\CP3\Calendar_GOOD\Calendar\Calendar.cpp(1094,11): warning C4129: ' ': unrecognized character escape sequence
C:\Data\CP3\Calendar_GOOD\Calendar\Calendar.cpp(1094,11): warning C4129: '/': unrecognized character escape sequence
C:\Data\CP3\Calendar_GOOD\Calendar\Calendar.cpp(1095,11): warning C4129: ' ': unrecognized character escape sequence
C:\Data\CP3\Calendar_GOOD\Calendar\Calendar.cpp(1108,11): warning C4129: ' ': unrecognized character escape sequence
C:\Data\CP3\Calendar_GOOD\Calendar\Calendar.cpp(1110,11): warning C4129: ' ': unrecognized character escape sequence
C:\Data\CP3\Calendar_GOOD\Calendar\Calendar.cpp(1119,11): warning C4129: ' ': unrecognized character escape sequence
C:\Data\CP3\Calendar_GOOD\Calendar\Calendar.cpp(1121,11): warning C4129: ' ': unrecognized character escape sequence
C:\Data\CP3\Calendar_GOOD\Calendar\Calendar.cpp(1122,11): warning C4129: ' ': unrecognized character escape sequence
C:\Data\CP3\Calendar_GOOD\Calendar\Calendar.cpp(1123,11): warning C4129: ' ': unrecognized character escape sequence
C:\Data\CP3\Calendar_GOOD\Calendar\Calendar.cpp(1124,11): warning C4129: '_': unrecognized character escape sequence
C:\Data\CP3\Calendar_GOOD\Calendar\Calendar.cpp(1126,11): warning C4129: '_': unrecognized character escape sequence
C:\Data\CP3\Calendar_GOOD\Calendar\Calendar.cpp(1130,11): warning C4129: ' ': unrecognized character escape sequence
C:\Data\CP3\Calendar_GOOD\Calendar\Calendar.cpp(1131,11): warning C4129: ' ': unrecognized character escape sequence
C:\Data\CP3\Calendar_GOOD\Calendar\Calendar.cpp(1131,11): warning C4129: '_': unrecognized character escape sequence
C:\Data\CP3\Calendar_GOOD\Calendar\Calendar.cpp(1132,11): warning C4129: ' ': unrecognized character escape sequence
C:\Data\CP3\Calendar_GOOD\Calendar\Calendar.cpp(1133,11): warning C4129: '_': unrecognized character escape sequence
C:\Data\CP3\Calendar_GOOD\Calendar\Calendar.cpp(1133,11): warning C4129: ' ': unrecognized character escape sequence
C:\Data\CP3\Calendar_GOOD\Calendar\Calendar.cpp(1134,11): warning C4129: ' ': unrecognized character escape sequence
C:\Data\CP3\Calendar_GOOD\Calendar\Calendar.cpp(1135,11): warning C4129: '_': unrecognized character escape sequence
C:\Data\CP3\Calendar_GOOD\Calendar\Calendar.cpp(1136,11): warning C4129: ' ': unrecognized character escape sequence
C:\Data\CP3\Calendar_GOOD\Calendar\Calendar.cpp(1178,11): warning C4129: '_': unrecognized character escape sequence
C:\Data\CP3\Calendar_GOOD\Calendar\Calendar.cpp(1179,11): warning C4129: '/': unrecognized character escape sequence
C:\Data\CP3\Calendar_GOOD\Calendar\Calendar.cpp(1179,11): warning C4129: ' ': unrecognized character escape sequence
C:\Data\CP3\Calendar_GOOD\Calendar\Calendar.cpp(1180,11): warning C4129: '_': unrecognized character escape sequence
C:\Data\CP3\Calendar_GOOD\Calendar\Calendar.cpp(1181,11): warning C4129: ' ': unrecognized character escape sequence
C:\Data\CP3\Calendar_GOOD\Calendar\Calendar.cpp(1182,11): warning C4129: ' ': unrecognized character escape sequence
C:\Data\CP3\Calendar_GOOD\Calendar\Calendar.cpp(1184,11): warning C4129: '_': unrecognized character escape sequence
C:\Data\CP3\Calendar_GOOD\Calendar\Calendar.cpp(1185,11): warning C4129: ',': unrecognized character escape sequence
C:\Data\CP3\Calendar_GOOD\Calendar\Calendar.cpp(1185,11): warning C4129: ' ': unrecognized character escape sequence
C:\Data\CP3\Calendar_GOOD\Calendar\Calendar.cpp(1188,11): warning C4129: ' ': unrecognized character escape sequence
C:\Data\CP3\Calendar_GOOD\Calendar\Calendar.cpp(1189,11): warning C4129: ' ': unrecognized character escape sequence
C:\Data\CP3\Calendar_GOOD\Calendar\Calendar.cpp(1190,11): warning C4129: ' ': unrecognized character escape sequence
C:\Data\CP3\Calendar_GOOD\Calendar\Calendar.cpp(1233,11): warning C4129: '_': unrecognized character escape sequence
C:\Data\CP3\Calendar_GOOD\Calendar\Calendar.cpp(1234,11): warning C4129: '-': unrecognized character escape sequence
C:\Data\CP3\Calendar_GOOD\Calendar\Calendar.cpp(1235,11): warning C4129: ' ': unrecognized character escape sequence
C:\Data\CP3\Calendar_GOOD\Calendar\Calendar.cpp(1236,11): warning C4129: ' ': unrecognized character escape sequence
C:\Data\CP3\Calendar_GOOD\Calendar\Calendar.cpp(1237,11): warning C4129: ' ': unrecognized character escape sequence
C:\Data\CP3\Calendar_GOOD\Calendar\Calendar.cpp(1237,11): warning C4129: '_': unrecognized character escape sequence
C:\Data\CP3\Calendar_GOOD\Calendar\Calendar.cpp(1237,11): warning C4129: '/': unrecognized character escape sequence
C:\Data\CP3\Calendar_GOOD\Calendar\Calendar.cpp(1238,11): warning C4129: ' ': unrecognized character escape sequence
C:\Data\CP3\Calendar_GOOD\Calendar\Calendar.cpp(1238,11): warning C4129: '_': unrecognized character escape sequence
C:\Data\CP3\Calendar_GOOD\Calendar\Calendar.cpp(1239,11): warning C4129: ' ': unrecognized character escape sequence
C:\Data\CP3\Calendar_GOOD\Calendar\Calendar.cpp(1239,11): warning C4129: '_': unrecognized character escape sequence
C:\Data\CP3\Calendar_GOOD\Calendar\Calendar.cpp(1240,11): warning C4129: ' ': unrecognized character escape sequence
C:\Data\CP3\Calendar_GOOD\Calendar\Calendar.cpp(1240,11): warning C4129: '_': unrecognized character escape sequence
C:\Data\CP3\Calendar_GOOD\Calendar\Calendar.cpp(1241,11): warning C4129: '/': unrecognized character escape sequence
C:\Data\CP3\Calendar_GOOD\Calendar\Calendar.cpp(1242,11): warning C4129: ' ': unrecognized character escape sequence
C:\Data\CP3\Calendar_GOOD\Calendar\Calendar.cpp(1243,11): warning C4129: ' ': unrecognized character escape sequence
C:\Data\CP3\Calendar_GOOD\Calendar\Calendar.cpp(1253,11): warning C4129: ' ': unrecognized character escape sequence
C:\Data\CP3\Calendar_GOOD\Calendar\Calendar.cpp(1253,11): warning C4129: '/': unrecognized character escape sequence
C:\Data\CP3\Calendar_GOOD\Calendar\Calendar.cpp(1267,11): warning C4129: ' ': unrecognized character escape sequence
C:\Data\CP3\Calendar_GOOD\Calendar\Calendar.cpp(1269,11): warning C4129: ' ': unrecognized character escape sequence
C:\Data\CP3\Calendar_GOOD\Calendar\Calendar.cpp(1270,11): warning C4129: '_': unrecognized character escape sequence
C:\Data\CP3\Calendar_GOOD\Calendar\Calendar.cpp(1270,11): warning C4129: ' ': unrecognized character escape sequence
C:\Data\CP3\Calendar_GOOD\Calendar\Calendar.cpp(1271,11): warning C4129: ' ': unrecognized character escape sequence
C:\Data\CP3\Calendar_GOOD\Calendar\Calendar.cpp(1272,11): warning C4129: '_': unrecognized character escape sequence
C:\Data\CP3\Calendar_GOOD\Calendar\Calendar.cpp(1272,11): warning C4129: ' ': unrecognized character escape sequence
C:\Data\CP3\Calendar_GOOD\Calendar\Calendar.cpp(1273,11): warning C4129: ' ': unrecognized character escape sequence
C:\Data\CP3\Calendar_GOOD\Calendar\Calendar.cpp(1274,11): warning C4129: '_': unrecognized character escape sequence
C:\Data\CP3\Calendar_GOOD\Calendar\Calendar.cpp(1274,11): warning C4129: ' ': unrecognized character escape sequence
C:\Data\CP3\Calendar_GOOD\Calendar\Calendar.cpp(1275,11): warning C4129: ' ': unrecognized character escape sequence
C:\Data\CP3\Calendar_GOOD\Calendar\Calendar.cpp(1276,11): warning C4129: '_': unrecognized character escape sequence
C:\Data\CP3\Calendar_GOOD\Calendar\Calendar.cpp(1276,11): warning C4129: ' ': unrecognized character escape sequence
C:\Data\CP3\Calendar_GOOD\Calendar\Calendar.cpp(1277,11): warning C4129: ' ': unrecognized character escape sequence
C:\Data\CP3\Calendar_GOOD\Calendar\Calendar.cpp(1278,11): warning C4129: '_': unrecognized character escape sequence
C:\Data\CP3\Calendar_GOOD\Calendar\Calendar.cpp(1278,11): warning C4129: ' ': unrecognized character escape sequence
C:\Data\CP3\Calendar_GOOD\Calendar\Calendar.cpp(1279,11): warning C4129: ' ': unrecognized character escape sequence
C:\Data\CP3\Calendar_GOOD\Calendar\Calendar.cpp(949,38): warning C4101: 'george': unreferenced local variable
C:\Data\CP3\Calendar_GOOD\Calendar\Calendar.cpp(949,31): warning C4101: 'micah': unreferenced local variable
C:\Data\CP3\Calendar_GOOD\Calendar\Calendar.cpp(949,22): warning C4101: 'y': unreferenced local variable
C:\Data\CP3\Calendar_GOOD\Calendar\Calendar.cpp(949,12): warning C4101: 'fint': unreferenced local variable
C:\Data\CP3\Calendar_GOOD\Calendar\Calendar.cpp(949,6): warning C4101: 'flag': unreferenced local variable
C:\Data\CP3\Calendar_GOOD\Calendar\Calendar.cpp(949,46): warning C4101: 'cut': unreferenced local variable
  Calendar.vcxproj -> C:\Data\CP3\Calendar_GOOD\Debug\Calendar.exe
